The system is: Linux - 5.7.1-yenjie - x86_64
Compiling the C compiler identification source file "CMakeCCompilerId.c" succeeded.
Compiler: /usr/lib/ccache/cc 
Build flags: 
Id flags:  

The output was:
0


Compilation of the C compiler identification source "CMakeCCompilerId.c" produced "a.out"

The C compiler identification is GNU, found in "/admin/SiFuh/faust/faust-2.14.4/build/faustdir/CMakeFiles/3.17.3/CompilerIdC/a.out"

Compiling the CXX compiler identification source file "CMakeCXXCompilerId.cpp" succeeded.
Compiler: /usr/lib/ccache/c++ 
Build flags: 
Id flags:  

The output was:
0


Compilation of the CXX compiler identification source "CMakeCXXCompilerId.cpp" produced "a.out"

The CXX compiler identification is GNU, found in "/admin/SiFuh/faust/faust-2.14.4/build/faustdir/CMakeFiles/3.17.3/CompilerIdCXX/a.out"

Compiling the C compiler identification source file "CMakeCCompilerId.c" succeeded.
Compiler: /usr/lib/ccache/cc 
Build flags: 
Id flags:  

The output was:
0


Compilation of the C compiler identification source "CMakeCCompilerId.c" produced "a.out"

The C compiler identification is GNU, found in "/admin/SiFuh/faust/faust-2.14.4/build/faustdir/CMakeFiles/3.17.3/CompilerIdC/a.out"

Compiling the CXX compiler identification source file "CMakeCXXCompilerId.cpp" succeeded.
Compiler: /usr/lib/ccache/c++ 
Build flags: 
Id flags:  

The output was:
0


Compilation of the CXX compiler identification source "CMakeCXXCompilerId.cpp" produced "a.out"

The CXX compiler identification is GNU, found in "/admin/SiFuh/faust/faust-2.14.4/build/faustdir/CMakeFiles/3.17.3/CompilerIdCXX/a.out"

Determining if the C compiler works passed with the following output:
Change Dir: /admin/SiFuh/faust/faust-2.14.4/build/faustdir/CMakeFiles/CMakeTmp

Run Build Command(s):/usr/bin/make cmTC_e3862/fast && make[2]: Entering directory '/admin/SiFuh/faust/faust-2.14.4/build/faustdir/CMakeFiles/CMakeTmp'
/usr/bin/make  -f CMakeFiles/cmTC_e3862.dir/build.make CMakeFiles/cmTC_e3862.dir/build
make[3]: Entering directory '/admin/SiFuh/faust/faust-2.14.4/build/faustdir/CMakeFiles/CMakeTmp'
Building C object CMakeFiles/cmTC_e3862.dir/testCCompiler.c.o
/usr/lib/ccache/cc    -o CMakeFiles/cmTC_e3862.dir/testCCompiler.c.o   -c /admin/SiFuh/faust/faust-2.14.4/build/faustdir/CMakeFiles/CMakeTmp/testCCompiler.c
Linking C executable cmTC_e3862
/usr/bin/cmake -E cmake_link_script CMakeFiles/cmTC_e3862.dir/link.txt --verbose=1
/usr/lib/ccache/cc      CMakeFiles/cmTC_e3862.dir/testCCompiler.c.o  -o cmTC_e3862 
make[3]: Leaving directory '/admin/SiFuh/faust/faust-2.14.4/build/faustdir/CMakeFiles/CMakeTmp'
make[2]: Leaving directory '/admin/SiFuh/faust/faust-2.14.4/build/faustdir/CMakeFiles/CMakeTmp'



Detecting C compiler ABI info compiled with the following output:
Change Dir: /admin/SiFuh/faust/faust-2.14.4/build/faustdir/CMakeFiles/CMakeTmp

Run Build Command(s):/usr/bin/make cmTC_f4aee/fast && make[2]: Entering directory '/admin/SiFuh/faust/faust-2.14.4/build/faustdir/CMakeFiles/CMakeTmp'
/usr/bin/make  -f CMakeFiles/cmTC_f4aee.dir/build.make CMakeFiles/cmTC_f4aee.dir/build
make[3]: Entering directory '/admin/SiFuh/faust/faust-2.14.4/build/faustdir/CMakeFiles/CMakeTmp'
Building C object CMakeFiles/cmTC_f4aee.dir/CMakeCCompilerABI.c.o
/usr/lib/ccache/cc   -v -o CMakeFiles/cmTC_f4aee.dir/CMakeCCompilerABI.c.o   -c /usr/share/cmake/Modules/CMakeCCompilerABI.c
Using built-in specs.
COLLECT_GCC=/usr/bin/cc
Target: x86_64-pc-linux-gnu
Configured with: ../gcc-8.4.0/configure --prefix=/usr --libexecdir=/usr/lib --enable-languages=c,c++,objc --enable-threads=posix --enable-__cxa_atexit --enable-clocale=gnu --enable-shared --disable-nls --with-x=no --with-system-zlib --enable-multilib --enable-default-pie --enable-default-ssp --with-pkgversion=CRUX-x86_64-multilib
Thread model: posix
gcc version 8.4.0 (CRUX-x86_64-multilib) 
COLLECT_GCC_OPTIONS='-v' '-c' '-o' 'CMakeFiles/cmTC_f4aee.dir/CMakeCCompilerABI.c.o' '-mtune=generic' '-march=x86-64'
 /usr/lib/gcc/x86_64-pc-linux-gnu/8.4.0/cc1 -quiet -v /usr/share/cmake/Modules/CMakeCCompilerABI.c -quiet -dumpbase CMakeCCompilerABI.c -mtune=generic -march=x86-64 -auxbase-strip CMakeFiles/cmTC_f4aee.dir/CMakeCCompilerABI.c.o -version -o /tmp/ccp3bR8a.s
GNU C17 (CRUX-x86_64-multilib) version 8.4.0 (x86_64-pc-linux-gnu)
	compiled by GNU C version 8.4.0, GMP version 6.2.0, MPFR version 4.0.2, MPC version 1.1.0, isl version none
GGC heuristics: --param ggc-min-expand=100 --param ggc-min-heapsize=131072
ignoring nonexistent directory "/usr/local/include"
ignoring nonexistent directory "/usr/lib/gcc/x86_64-pc-linux-gnu/8.4.0/include-fixed"
ignoring nonexistent directory "/usr/lib/gcc/x86_64-pc-linux-gnu/8.4.0/../../../../x86_64-pc-linux-gnu/include"
#include "..." search starts here:
#include <...> search starts here:
 /usr/lib/gcc/x86_64-pc-linux-gnu/8.4.0/include
 /usr/include
End of search list.
GNU C17 (CRUX-x86_64-multilib) version 8.4.0 (x86_64-pc-linux-gnu)
	compiled by GNU C version 8.4.0, GMP version 6.2.0, MPFR version 4.0.2, MPC version 1.1.0, isl version none
GGC heuristics: --param ggc-min-expand=100 --param ggc-min-heapsize=131072
Compiler executable checksum: f381e9ad0ca8fea6610727799737e346
COLLECT_GCC_OPTIONS='-v' '-c' '-o' 'CMakeFiles/cmTC_f4aee.dir/CMakeCCompilerABI.c.o' '-mtune=generic' '-march=x86-64'
 as -v --64 -o CMakeFiles/cmTC_f4aee.dir/CMakeCCompilerABI.c.o /tmp/ccp3bR8a.s
GNU assembler version 2.32 (x86_64-pc-linux-gnu) using BFD version (GNU Binutils) 2.32
COMPILER_PATH=/usr/lib/gcc/x86_64-pc-linux-gnu/8.4.0/:/usr/lib/gcc/x86_64-pc-linux-gnu/8.4.0/:/usr/lib/gcc/x86_64-pc-linux-gnu/:/usr/lib/gcc/x86_64-pc-linux-gnu/8.4.0/:/usr/lib/gcc/x86_64-pc-linux-gnu/
LIBRARY_PATH=/usr/lib/gcc/x86_64-pc-linux-gnu/8.4.0/:/usr/lib/gcc/x86_64-pc-linux-gnu/8.4.0/../../../../lib/:/lib/../lib/:/usr/lib/../lib/:/usr/lib/gcc/x86_64-pc-linux-gnu/8.4.0/../../../:/lib/:/usr/lib/
COLLECT_GCC_OPTIONS='-v' '-c' '-o' 'CMakeFiles/cmTC_f4aee.dir/CMakeCCompilerABI.c.o' '-mtune=generic' '-march=x86-64'
Linking C executable cmTC_f4aee
/usr/bin/cmake -E cmake_link_script CMakeFiles/cmTC_f4aee.dir/link.txt --verbose=1
/usr/lib/ccache/cc     -v CMakeFiles/cmTC_f4aee.dir/CMakeCCompilerABI.c.o  -o cmTC_f4aee 
Using built-in specs.
COLLECT_GCC=/usr/bin/cc
COLLECT_LTO_WRAPPER=/usr/lib/gcc/x86_64-pc-linux-gnu/8.4.0/lto-wrapper
Target: x86_64-pc-linux-gnu
Configured with: ../gcc-8.4.0/configure --prefix=/usr --libexecdir=/usr/lib --enable-languages=c,c++,objc --enable-threads=posix --enable-__cxa_atexit --enable-clocale=gnu --enable-shared --disable-nls --with-x=no --with-system-zlib --enable-multilib --enable-default-pie --enable-default-ssp --with-pkgversion=CRUX-x86_64-multilib
Thread model: posix
gcc version 8.4.0 (CRUX-x86_64-multilib) 
COMPILER_PATH=/usr/lib/gcc/x86_64-pc-linux-gnu/8.4.0/:/usr/lib/gcc/x86_64-pc-linux-gnu/8.4.0/:/usr/lib/gcc/x86_64-pc-linux-gnu/:/usr/lib/gcc/x86_64-pc-linux-gnu/8.4.0/:/usr/lib/gcc/x86_64-pc-linux-gnu/
LIBRARY_PATH=/usr/lib/gcc/x86_64-pc-linux-gnu/8.4.0/:/usr/lib/gcc/x86_64-pc-linux-gnu/8.4.0/../../../../lib/:/lib/../lib/:/usr/lib/../lib/:/usr/lib/gcc/x86_64-pc-linux-gnu/8.4.0/../../../:/lib/:/usr/lib/
COLLECT_GCC_OPTIONS='-v' '-o' 'cmTC_f4aee' '-mtune=generic' '-march=x86-64'
 /usr/lib/gcc/x86_64-pc-linux-gnu/8.4.0/collect2 -plugin /usr/lib/gcc/x86_64-pc-linux-gnu/8.4.0/liblto_plugin.so -plugin-opt=/usr/lib/gcc/x86_64-pc-linux-gnu/8.4.0/lto-wrapper -plugin-opt=-fresolution=/tmp/ccz9lyZc.res -plugin-opt=-pass-through=-lgcc -plugin-opt=-pass-through=-lgcc_s -plugin-opt=-pass-through=-lc -plugin-opt=-pass-through=-lgcc -plugin-opt=-pass-through=-lgcc_s --eh-frame-hdr -m elf_x86_64 -dynamic-linker /lib/ld-linux-x86-64.so.2 -pie -o cmTC_f4aee /usr/lib/gcc/x86_64-pc-linux-gnu/8.4.0/../../../../lib/Scrt1.o /usr/lib/gcc/x86_64-pc-linux-gnu/8.4.0/../../../../lib/crti.o /usr/lib/gcc/x86_64-pc-linux-gnu/8.4.0/crtbeginS.o -L/usr/lib/gcc/x86_64-pc-linux-gnu/8.4.0 -L/usr/lib/gcc/x86_64-pc-linux-gnu/8.4.0/../../../../lib -L/lib/../lib -L/usr/lib/../lib -L/usr/lib/gcc/x86_64-pc-linux-gnu/8.4.0/../../.. CMakeFiles/cmTC_f4aee.dir/CMakeCCompilerABI.c.o -lgcc --as-needed -lgcc_s --no-as-needed -lc -lgcc --as-needed -lgcc_s --no-as-needed /usr/lib/gcc/x86_64-pc-linux-gnu/8.4.0/crtendS.o /usr/lib/gcc/x86_64-pc-linux-gnu/8.4.0/../../../../lib/crtn.o
COLLECT_GCC_OPTIONS='-v' '-o' 'cmTC_f4aee' '-mtune=generic' '-march=x86-64'
make[3]: Leaving directory '/admin/SiFuh/faust/faust-2.14.4/build/faustdir/CMakeFiles/CMakeTmp'
make[2]: Leaving directory '/admin/SiFuh/faust/faust-2.14.4/build/faustdir/CMakeFiles/CMakeTmp'



Parsed C implicit include dir info from above output: rv=done
  found start of include info
  found start of implicit include info
    add: [/usr/lib/gcc/x86_64-pc-linux-gnu/8.4.0/include]
    add: [/usr/include]
  end of search list found
  collapse include dir [/usr/lib/gcc/x86_64-pc-linux-gnu/8.4.0/include] ==> [/usr/lib/gcc/x86_64-pc-linux-gnu/8.4.0/include]
  collapse include dir [/usr/include] ==> [/usr/include]
  implicit include dirs: [/usr/lib/gcc/x86_64-pc-linux-gnu/8.4.0/include;/usr/include]


Parsed C implicit link information from above output:
  link line regex: [^( *|.*[/\])(ld|CMAKE_LINK_STARTFILE-NOTFOUND|([^/\]+-)?ld|collect2)[^/\]*( |$)]
  ignore line: [Change Dir: /admin/SiFuh/faust/faust-2.14.4/build/faustdir/CMakeFiles/CMakeTmp]
  ignore line: []
  ignore line: [Run Build Command(s):/usr/bin/make cmTC_f4aee/fast && make[2]: Entering directory '/admin/SiFuh/faust/faust-2.14.4/build/faustdir/CMakeFiles/CMakeTmp']
  ignore line: [/usr/bin/make  -f CMakeFiles/cmTC_f4aee.dir/build.make CMakeFiles/cmTC_f4aee.dir/build]
  ignore line: [make[3]: Entering directory '/admin/SiFuh/faust/faust-2.14.4/build/faustdir/CMakeFiles/CMakeTmp']
  ignore line: [Building C object CMakeFiles/cmTC_f4aee.dir/CMakeCCompilerABI.c.o]
  ignore line: [/usr/lib/ccache/cc   -v -o CMakeFiles/cmTC_f4aee.dir/CMakeCCompilerABI.c.o   -c /usr/share/cmake/Modules/CMakeCCompilerABI.c]
  ignore line: [Using built-in specs.]
  ignore line: [COLLECT_GCC=/usr/bin/cc]
  ignore line: [Target: x86_64-pc-linux-gnu]
  ignore line: [Configured with: ../gcc-8.4.0/configure --prefix=/usr --libexecdir=/usr/lib --enable-languages=c c++ objc --enable-threads=posix --enable-__cxa_atexit --enable-clocale=gnu --enable-shared --disable-nls --with-x=no --with-system-zlib --enable-multilib --enable-default-pie --enable-default-ssp --with-pkgversion=CRUX-x86_64-multilib]
  ignore line: [Thread model: posix]
  ignore line: [gcc version 8.4.0 (CRUX-x86_64-multilib) ]
  ignore line: [COLLECT_GCC_OPTIONS='-v' '-c' '-o' 'CMakeFiles/cmTC_f4aee.dir/CMakeCCompilerABI.c.o' '-mtune=generic' '-march=x86-64']
  ignore line: [ /usr/lib/gcc/x86_64-pc-linux-gnu/8.4.0/cc1 -quiet -v /usr/share/cmake/Modules/CMakeCCompilerABI.c -quiet -dumpbase CMakeCCompilerABI.c -mtune=generic -march=x86-64 -auxbase-strip CMakeFiles/cmTC_f4aee.dir/CMakeCCompilerABI.c.o -version -o /tmp/ccp3bR8a.s]
  ignore line: [GNU C17 (CRUX-x86_64-multilib) version 8.4.0 (x86_64-pc-linux-gnu)]
  ignore line: [	compiled by GNU C version 8.4.0  GMP version 6.2.0  MPFR version 4.0.2  MPC version 1.1.0  isl version none]
  ignore line: [GGC heuristics: --param ggc-min-expand=100 --param ggc-min-heapsize=131072]
  ignore line: [ignoring nonexistent directory "/usr/local/include"]
  ignore line: [ignoring nonexistent directory "/usr/lib/gcc/x86_64-pc-linux-gnu/8.4.0/include-fixed"]
  ignore line: [ignoring nonexistent directory "/usr/lib/gcc/x86_64-pc-linux-gnu/8.4.0/../../../../x86_64-pc-linux-gnu/include"]
  ignore line: [#include "..." search starts here:]
  ignore line: [#include <...> search starts here:]
  ignore line: [ /usr/lib/gcc/x86_64-pc-linux-gnu/8.4.0/include]
  ignore line: [ /usr/include]
  ignore line: [End of search list.]
  ignore line: [GNU C17 (CRUX-x86_64-multilib) version 8.4.0 (x86_64-pc-linux-gnu)]
  ignore line: [	compiled by GNU C version 8.4.0  GMP version 6.2.0  MPFR version 4.0.2  MPC version 1.1.0  isl version none]
  ignore line: [GGC heuristics: --param ggc-min-expand=100 --param ggc-min-heapsize=131072]
  ignore line: [Compiler executable checksum: f381e9ad0ca8fea6610727799737e346]
  ignore line: [COLLECT_GCC_OPTIONS='-v' '-c' '-o' 'CMakeFiles/cmTC_f4aee.dir/CMakeCCompilerABI.c.o' '-mtune=generic' '-march=x86-64']
  ignore line: [ as -v --64 -o CMakeFiles/cmTC_f4aee.dir/CMakeCCompilerABI.c.o /tmp/ccp3bR8a.s]
  ignore line: [GNU assembler version 2.32 (x86_64-pc-linux-gnu) using BFD version (GNU Binutils) 2.32]
  ignore line: [COMPILER_PATH=/usr/lib/gcc/x86_64-pc-linux-gnu/8.4.0/:/usr/lib/gcc/x86_64-pc-linux-gnu/8.4.0/:/usr/lib/gcc/x86_64-pc-linux-gnu/:/usr/lib/gcc/x86_64-pc-linux-gnu/8.4.0/:/usr/lib/gcc/x86_64-pc-linux-gnu/]
  ignore line: [LIBRARY_PATH=/usr/lib/gcc/x86_64-pc-linux-gnu/8.4.0/:/usr/lib/gcc/x86_64-pc-linux-gnu/8.4.0/../../../../lib/:/lib/../lib/:/usr/lib/../lib/:/usr/lib/gcc/x86_64-pc-linux-gnu/8.4.0/../../../:/lib/:/usr/lib/]
  ignore line: [COLLECT_GCC_OPTIONS='-v' '-c' '-o' 'CMakeFiles/cmTC_f4aee.dir/CMakeCCompilerABI.c.o' '-mtune=generic' '-march=x86-64']
  ignore line: [Linking C executable cmTC_f4aee]
  ignore line: [/usr/bin/cmake -E cmake_link_script CMakeFiles/cmTC_f4aee.dir/link.txt --verbose=1]
  ignore line: [/usr/lib/ccache/cc     -v CMakeFiles/cmTC_f4aee.dir/CMakeCCompilerABI.c.o  -o cmTC_f4aee ]
  ignore line: [Using built-in specs.]
  ignore line: [COLLECT_GCC=/usr/bin/cc]
  ignore line: [COLLECT_LTO_WRAPPER=/usr/lib/gcc/x86_64-pc-linux-gnu/8.4.0/lto-wrapper]
  ignore line: [Target: x86_64-pc-linux-gnu]
  ignore line: [Configured with: ../gcc-8.4.0/configure --prefix=/usr --libexecdir=/usr/lib --enable-languages=c c++ objc --enable-threads=posix --enable-__cxa_atexit --enable-clocale=gnu --enable-shared --disable-nls --with-x=no --with-system-zlib --enable-multilib --enable-default-pie --enable-default-ssp --with-pkgversion=CRUX-x86_64-multilib]
  ignore line: [Thread model: posix]
  ignore line: [gcc version 8.4.0 (CRUX-x86_64-multilib) ]
  ignore line: [COMPILER_PATH=/usr/lib/gcc/x86_64-pc-linux-gnu/8.4.0/:/usr/lib/gcc/x86_64-pc-linux-gnu/8.4.0/:/usr/lib/gcc/x86_64-pc-linux-gnu/:/usr/lib/gcc/x86_64-pc-linux-gnu/8.4.0/:/usr/lib/gcc/x86_64-pc-linux-gnu/]
  ignore line: [LIBRARY_PATH=/usr/lib/gcc/x86_64-pc-linux-gnu/8.4.0/:/usr/lib/gcc/x86_64-pc-linux-gnu/8.4.0/../../../../lib/:/lib/../lib/:/usr/lib/../lib/:/usr/lib/gcc/x86_64-pc-linux-gnu/8.4.0/../../../:/lib/:/usr/lib/]
  ignore line: [COLLECT_GCC_OPTIONS='-v' '-o' 'cmTC_f4aee' '-mtune=generic' '-march=x86-64']
  link line: [ /usr/lib/gcc/x86_64-pc-linux-gnu/8.4.0/collect2 -plugin /usr/lib/gcc/x86_64-pc-linux-gnu/8.4.0/liblto_plugin.so -plugin-opt=/usr/lib/gcc/x86_64-pc-linux-gnu/8.4.0/lto-wrapper -plugin-opt=-fresolution=/tmp/ccz9lyZc.res -plugin-opt=-pass-through=-lgcc -plugin-opt=-pass-through=-lgcc_s -plugin-opt=-pass-through=-lc -plugin-opt=-pass-through=-lgcc -plugin-opt=-pass-through=-lgcc_s --eh-frame-hdr -m elf_x86_64 -dynamic-linker /lib/ld-linux-x86-64.so.2 -pie -o cmTC_f4aee /usr/lib/gcc/x86_64-pc-linux-gnu/8.4.0/../../../../lib/Scrt1.o /usr/lib/gcc/x86_64-pc-linux-gnu/8.4.0/../../../../lib/crti.o /usr/lib/gcc/x86_64-pc-linux-gnu/8.4.0/crtbeginS.o -L/usr/lib/gcc/x86_64-pc-linux-gnu/8.4.0 -L/usr/lib/gcc/x86_64-pc-linux-gnu/8.4.0/../../../../lib -L/lib/../lib -L/usr/lib/../lib -L/usr/lib/gcc/x86_64-pc-linux-gnu/8.4.0/../../.. CMakeFiles/cmTC_f4aee.dir/CMakeCCompilerABI.c.o -lgcc --as-needed -lgcc_s --no-as-needed -lc -lgcc --as-needed -lgcc_s --no-as-needed /usr/lib/gcc/x86_64-pc-linux-gnu/8.4.0/crtendS.o /usr/lib/gcc/x86_64-pc-linux-gnu/8.4.0/../../../../lib/crtn.o]
    arg [/usr/lib/gcc/x86_64-pc-linux-gnu/8.4.0/collect2] ==> ignore
    arg [-plugin] ==> ignore
    arg [/usr/lib/gcc/x86_64-pc-linux-gnu/8.4.0/liblto_plugin.so] ==> ignore
    arg [-plugin-opt=/usr/lib/gcc/x86_64-pc-linux-gnu/8.4.0/lto-wrapper] ==> ignore
    arg [-plugin-opt=-fresolution=/tmp/ccz9lyZc.res] ==> ignore
    arg [-plugin-opt=-pass-through=-lgcc] ==> ignore
    arg [-plugin-opt=-pass-through=-lgcc_s] ==> ignore
    arg [-plugin-opt=-pass-through=-lc] ==> ignore
    arg [-plugin-opt=-pass-through=-lgcc] ==> ignore
    arg [-plugin-opt=-pass-through=-lgcc_s] ==> ignore
    arg [--eh-frame-hdr] ==> ignore
    arg [-m] ==> ignore
    arg [elf_x86_64] ==> ignore
    arg [-dynamic-linker] ==> ignore
    arg [/lib/ld-linux-x86-64.so.2] ==> ignore
    arg [-pie] ==> ignore
    arg [-o] ==> ignore
    arg [cmTC_f4aee] ==> ignore
    arg [/usr/lib/gcc/x86_64-pc-linux-gnu/8.4.0/../../../../lib/Scrt1.o] ==> ignore
    arg [/usr/lib/gcc/x86_64-pc-linux-gnu/8.4.0/../../../../lib/crti.o] ==> ignore
    arg [/usr/lib/gcc/x86_64-pc-linux-gnu/8.4.0/crtbeginS.o] ==> ignore
    arg [-L/usr/lib/gcc/x86_64-pc-linux-gnu/8.4.0] ==> dir [/usr/lib/gcc/x86_64-pc-linux-gnu/8.4.0]
    arg [-L/usr/lib/gcc/x86_64-pc-linux-gnu/8.4.0/../../../../lib] ==> dir [/usr/lib/gcc/x86_64-pc-linux-gnu/8.4.0/../../../../lib]
    arg [-L/lib/../lib] ==> dir [/lib/../lib]
    arg [-L/usr/lib/../lib] ==> dir [/usr/lib/../lib]
    arg [-L/usr/lib/gcc/x86_64-pc-linux-gnu/8.4.0/../../..] ==> dir [/usr/lib/gcc/x86_64-pc-linux-gnu/8.4.0/../../..]
    arg [CMakeFiles/cmTC_f4aee.dir/CMakeCCompilerABI.c.o] ==> ignore
    arg [-lgcc] ==> lib [gcc]
    arg [--as-needed] ==> ignore
    arg [-lgcc_s] ==> lib [gcc_s]
    arg [--no-as-needed] ==> ignore
    arg [-lc] ==> lib [c]
    arg [-lgcc] ==> lib [gcc]
    arg [--as-needed] ==> ignore
    arg [-lgcc_s] ==> lib [gcc_s]
    arg [--no-as-needed] ==> ignore
    arg [/usr/lib/gcc/x86_64-pc-linux-gnu/8.4.0/crtendS.o] ==> ignore
    arg [/usr/lib/gcc/x86_64-pc-linux-gnu/8.4.0/../../../../lib/crtn.o] ==> ignore
  collapse library dir [/usr/lib/gcc/x86_64-pc-linux-gnu/8.4.0] ==> [/usr/lib/gcc/x86_64-pc-linux-gnu/8.4.0]
  collapse library dir [/usr/lib/gcc/x86_64-pc-linux-gnu/8.4.0/../../../../lib] ==> [/usr/lib]
  collapse library dir [/lib/../lib] ==> [/lib]
  collapse library dir [/usr/lib/../lib] ==> [/usr/lib]
  collapse library dir [/usr/lib/gcc/x86_64-pc-linux-gnu/8.4.0/../../..] ==> [/usr/lib]
  implicit libs: [gcc;gcc_s;c;gcc;gcc_s]
  implicit dirs: [/usr/lib/gcc/x86_64-pc-linux-gnu/8.4.0;/usr/lib;/lib]
  implicit fwks: []


Determining if the CXX compiler works passed with the following output:
Change Dir: /admin/SiFuh/faust/faust-2.14.4/build/faustdir/CMakeFiles/CMakeTmp

Run Build Command(s):/usr/bin/make cmTC_dd5f4/fast && make[2]: Entering directory '/admin/SiFuh/faust/faust-2.14.4/build/faustdir/CMakeFiles/CMakeTmp'
/usr/bin/make  -f CMakeFiles/cmTC_dd5f4.dir/build.make CMakeFiles/cmTC_dd5f4.dir/build
make[3]: Entering directory '/admin/SiFuh/faust/faust-2.14.4/build/faustdir/CMakeFiles/CMakeTmp'
Building CXX object CMakeFiles/cmTC_dd5f4.dir/testCXXCompiler.cxx.o
/usr/lib/ccache/c++     -o CMakeFiles/cmTC_dd5f4.dir/testCXXCompiler.cxx.o -c /admin/SiFuh/faust/faust-2.14.4/build/faustdir/CMakeFiles/CMakeTmp/testCXXCompiler.cxx
Linking CXX executable cmTC_dd5f4
/usr/bin/cmake -E cmake_link_script CMakeFiles/cmTC_dd5f4.dir/link.txt --verbose=1
/usr/lib/ccache/c++       CMakeFiles/cmTC_dd5f4.dir/testCXXCompiler.cxx.o  -o cmTC_dd5f4 
make[3]: Leaving directory '/admin/SiFuh/faust/faust-2.14.4/build/faustdir/CMakeFiles/CMakeTmp'
make[2]: Leaving directory '/admin/SiFuh/faust/faust-2.14.4/build/faustdir/CMakeFiles/CMakeTmp'



Detecting CXX compiler ABI info compiled with the following output:
Change Dir: /admin/SiFuh/faust/faust-2.14.4/build/faustdir/CMakeFiles/CMakeTmp

Run Build Command(s):/usr/bin/make cmTC_fe5eb/fast && make[2]: Entering directory '/admin/SiFuh/faust/faust-2.14.4/build/faustdir/CMakeFiles/CMakeTmp'
/usr/bin/make  -f CMakeFiles/cmTC_fe5eb.dir/build.make CMakeFiles/cmTC_fe5eb.dir/build
make[3]: Entering directory '/admin/SiFuh/faust/faust-2.14.4/build/faustdir/CMakeFiles/CMakeTmp'
Building CXX object CMakeFiles/cmTC_fe5eb.dir/CMakeCXXCompilerABI.cpp.o
/usr/lib/ccache/c++    -v -o CMakeFiles/cmTC_fe5eb.dir/CMakeCXXCompilerABI.cpp.o -c /usr/share/cmake/Modules/CMakeCXXCompilerABI.cpp
Using built-in specs.
COLLECT_GCC=/usr/bin/c++
Target: x86_64-pc-linux-gnu
Configured with: ../gcc-8.4.0/configure --prefix=/usr --libexecdir=/usr/lib --enable-languages=c,c++,objc --enable-threads=posix --enable-__cxa_atexit --enable-clocale=gnu --enable-shared --disable-nls --with-x=no --with-system-zlib --enable-multilib --enable-default-pie --enable-default-ssp --with-pkgversion=CRUX-x86_64-multilib
Thread model: posix
gcc version 8.4.0 (CRUX-x86_64-multilib) 
COLLECT_GCC_OPTIONS='-v' '-c' '-o' 'CMakeFiles/cmTC_fe5eb.dir/CMakeCXXCompilerABI.cpp.o' '-shared-libgcc' '-mtune=generic' '-march=x86-64'
 /usr/lib/gcc/x86_64-pc-linux-gnu/8.4.0/cc1plus -quiet -v -D_GNU_SOURCE /usr/share/cmake/Modules/CMakeCXXCompilerABI.cpp -quiet -dumpbase CMakeCXXCompilerABI.cpp -mtune=generic -march=x86-64 -auxbase-strip CMakeFiles/cmTC_fe5eb.dir/CMakeCXXCompilerABI.cpp.o -version -o /tmp/ccSLoR2l.s
GNU C++14 (CRUX-x86_64-multilib) version 8.4.0 (x86_64-pc-linux-gnu)
	compiled by GNU C version 8.4.0, GMP version 6.2.0, MPFR version 4.0.2, MPC version 1.1.0, isl version none
GGC heuristics: --param ggc-min-expand=100 --param ggc-min-heapsize=131072
ignoring nonexistent directory "/usr/local/include"
ignoring nonexistent directory "/usr/lib/gcc/x86_64-pc-linux-gnu/8.4.0/include-fixed"
ignoring nonexistent directory "/usr/lib/gcc/x86_64-pc-linux-gnu/8.4.0/../../../../x86_64-pc-linux-gnu/include"
#include "..." search starts here:
#include <...> search starts here:
 /usr/lib/gcc/x86_64-pc-linux-gnu/8.4.0/../../../../include/c++/8.4.0
 /usr/lib/gcc/x86_64-pc-linux-gnu/8.4.0/../../../../include/c++/8.4.0/x86_64-pc-linux-gnu
 /usr/lib/gcc/x86_64-pc-linux-gnu/8.4.0/../../../../include/c++/8.4.0/backward
 /usr/lib/gcc/x86_64-pc-linux-gnu/8.4.0/include
 /usr/include
End of search list.
GNU C++14 (CRUX-x86_64-multilib) version 8.4.0 (x86_64-pc-linux-gnu)
	compiled by GNU C version 8.4.0, GMP version 6.2.0, MPFR version 4.0.2, MPC version 1.1.0, isl version none
GGC heuristics: --param ggc-min-expand=100 --param ggc-min-heapsize=131072
Compiler executable checksum: bbe6fb5397a46958754e62dd0f1caef1
COLLECT_GCC_OPTIONS='-v' '-c' '-o' 'CMakeFiles/cmTC_fe5eb.dir/CMakeCXXCompilerABI.cpp.o' '-shared-libgcc' '-mtune=generic' '-march=x86-64'
 as -v --64 -o CMakeFiles/cmTC_fe5eb.dir/CMakeCXXCompilerABI.cpp.o /tmp/ccSLoR2l.s
GNU assembler version 2.32 (x86_64-pc-linux-gnu) using BFD version (GNU Binutils) 2.32
COMPILER_PATH=/usr/lib/gcc/x86_64-pc-linux-gnu/8.4.0/:/usr/lib/gcc/x86_64-pc-linux-gnu/8.4.0/:/usr/lib/gcc/x86_64-pc-linux-gnu/:/usr/lib/gcc/x86_64-pc-linux-gnu/8.4.0/:/usr/lib/gcc/x86_64-pc-linux-gnu/
LIBRARY_PATH=/usr/lib/gcc/x86_64-pc-linux-gnu/8.4.0/:/usr/lib/gcc/x86_64-pc-linux-gnu/8.4.0/../../../../lib/:/lib/../lib/:/usr/lib/../lib/:/usr/lib/gcc/x86_64-pc-linux-gnu/8.4.0/../../../:/lib/:/usr/lib/
COLLECT_GCC_OPTIONS='-v' '-c' '-o' 'CMakeFiles/cmTC_fe5eb.dir/CMakeCXXCompilerABI.cpp.o' '-shared-libgcc' '-mtune=generic' '-march=x86-64'
Linking CXX executable cmTC_fe5eb
/usr/bin/cmake -E cmake_link_script CMakeFiles/cmTC_fe5eb.dir/link.txt --verbose=1
/usr/lib/ccache/c++      -v CMakeFiles/cmTC_fe5eb.dir/CMakeCXXCompilerABI.cpp.o  -o cmTC_fe5eb 
Using built-in specs.
COLLECT_GCC=/usr/bin/c++
COLLECT_LTO_WRAPPER=/usr/lib/gcc/x86_64-pc-linux-gnu/8.4.0/lto-wrapper
Target: x86_64-pc-linux-gnu
Configured with: ../gcc-8.4.0/configure --prefix=/usr --libexecdir=/usr/lib --enable-languages=c,c++,objc --enable-threads=posix --enable-__cxa_atexit --enable-clocale=gnu --enable-shared --disable-nls --with-x=no --with-system-zlib --enable-multilib --enable-default-pie --enable-default-ssp --with-pkgversion=CRUX-x86_64-multilib
Thread model: posix
gcc version 8.4.0 (CRUX-x86_64-multilib) 
COMPILER_PATH=/usr/lib/gcc/x86_64-pc-linux-gnu/8.4.0/:/usr/lib/gcc/x86_64-pc-linux-gnu/8.4.0/:/usr/lib/gcc/x86_64-pc-linux-gnu/:/usr/lib/gcc/x86_64-pc-linux-gnu/8.4.0/:/usr/lib/gcc/x86_64-pc-linux-gnu/
LIBRARY_PATH=/usr/lib/gcc/x86_64-pc-linux-gnu/8.4.0/:/usr/lib/gcc/x86_64-pc-linux-gnu/8.4.0/../../../../lib/:/lib/../lib/:/usr/lib/../lib/:/usr/lib/gcc/x86_64-pc-linux-gnu/8.4.0/../../../:/lib/:/usr/lib/
COLLECT_GCC_OPTIONS='-v' '-o' 'cmTC_fe5eb' '-shared-libgcc' '-mtune=generic' '-march=x86-64'
 /usr/lib/gcc/x86_64-pc-linux-gnu/8.4.0/collect2 -plugin /usr/lib/gcc/x86_64-pc-linux-gnu/8.4.0/liblto_plugin.so -plugin-opt=/usr/lib/gcc/x86_64-pc-linux-gnu/8.4.0/lto-wrapper -plugin-opt=-fresolution=/tmp/ccOUqO2p.res -plugin-opt=-pass-through=-lgcc_s -plugin-opt=-pass-through=-lgcc -plugin-opt=-pass-through=-lc -plugin-opt=-pass-through=-lgcc_s -plugin-opt=-pass-through=-lgcc --eh-frame-hdr -m elf_x86_64 -dynamic-linker /lib/ld-linux-x86-64.so.2 -pie -o cmTC_fe5eb /usr/lib/gcc/x86_64-pc-linux-gnu/8.4.0/../../../../lib/Scrt1.o /usr/lib/gcc/x86_64-pc-linux-gnu/8.4.0/../../../../lib/crti.o /usr/lib/gcc/x86_64-pc-linux-gnu/8.4.0/crtbeginS.o -L/usr/lib/gcc/x86_64-pc-linux-gnu/8.4.0 -L/usr/lib/gcc/x86_64-pc-linux-gnu/8.4.0/../../../../lib -L/lib/../lib -L/usr/lib/../lib -L/usr/lib/gcc/x86_64-pc-linux-gnu/8.4.0/../../.. CMakeFiles/cmTC_fe5eb.dir/CMakeCXXCompilerABI.cpp.o -lstdc++ -lm -lgcc_s -lgcc -lc -lgcc_s -lgcc /usr/lib/gcc/x86_64-pc-linux-gnu/8.4.0/crtendS.o /usr/lib/gcc/x86_64-pc-linux-gnu/8.4.0/../../../../lib/crtn.o
COLLECT_GCC_OPTIONS='-v' '-o' 'cmTC_fe5eb' '-shared-libgcc' '-mtune=generic' '-march=x86-64'
make[3]: Leaving directory '/admin/SiFuh/faust/faust-2.14.4/build/faustdir/CMakeFiles/CMakeTmp'
make[2]: Leaving directory '/admin/SiFuh/faust/faust-2.14.4/build/faustdir/CMakeFiles/CMakeTmp'



Parsed CXX implicit include dir info from above output: rv=done
  found start of include info
  found start of implicit include info
    add: [/usr/lib/gcc/x86_64-pc-linux-gnu/8.4.0/../../../../include/c++/8.4.0]
    add: [/usr/lib/gcc/x86_64-pc-linux-gnu/8.4.0/../../../../include/c++/8.4.0/x86_64-pc-linux-gnu]
    add: [/usr/lib/gcc/x86_64-pc-linux-gnu/8.4.0/../../../../include/c++/8.4.0/backward]
    add: [/usr/lib/gcc/x86_64-pc-linux-gnu/8.4.0/include]
    add: [/usr/include]
  end of search list found
  collapse include dir [/usr/lib/gcc/x86_64-pc-linux-gnu/8.4.0/../../../../include/c++/8.4.0] ==> [/usr/include/c++/8.4.0]
  collapse include dir [/usr/lib/gcc/x86_64-pc-linux-gnu/8.4.0/../../../../include/c++/8.4.0/x86_64-pc-linux-gnu] ==> [/usr/include/c++/8.4.0/x86_64-pc-linux-gnu]
  collapse include dir [/usr/lib/gcc/x86_64-pc-linux-gnu/8.4.0/../../../../include/c++/8.4.0/backward] ==> [/usr/include/c++/8.4.0/backward]
  collapse include dir [/usr/lib/gcc/x86_64-pc-linux-gnu/8.4.0/include] ==> [/usr/lib/gcc/x86_64-pc-linux-gnu/8.4.0/include]
  collapse include dir [/usr/include] ==> [/usr/include]
  implicit include dirs: [/usr/include/c++/8.4.0;/usr/include/c++/8.4.0/x86_64-pc-linux-gnu;/usr/include/c++/8.4.0/backward;/usr/lib/gcc/x86_64-pc-linux-gnu/8.4.0/include;/usr/include]


Parsed CXX implicit link information from above output:
  link line regex: [^( *|.*[/\])(ld|CMAKE_LINK_STARTFILE-NOTFOUND|([^/\]+-)?ld|collect2)[^/\]*( |$)]
  ignore line: [Change Dir: /admin/SiFuh/faust/faust-2.14.4/build/faustdir/CMakeFiles/CMakeTmp]
  ignore line: []
  ignore line: [Run Build Command(s):/usr/bin/make cmTC_fe5eb/fast && make[2]: Entering directory '/admin/SiFuh/faust/faust-2.14.4/build/faustdir/CMakeFiles/CMakeTmp']
  ignore line: [/usr/bin/make  -f CMakeFiles/cmTC_fe5eb.dir/build.make CMakeFiles/cmTC_fe5eb.dir/build]
  ignore line: [make[3]: Entering directory '/admin/SiFuh/faust/faust-2.14.4/build/faustdir/CMakeFiles/CMakeTmp']
  ignore line: [Building CXX object CMakeFiles/cmTC_fe5eb.dir/CMakeCXXCompilerABI.cpp.o]
  ignore line: [/usr/lib/ccache/c++    -v -o CMakeFiles/cmTC_fe5eb.dir/CMakeCXXCompilerABI.cpp.o -c /usr/share/cmake/Modules/CMakeCXXCompilerABI.cpp]
  ignore line: [Using built-in specs.]
  ignore line: [COLLECT_GCC=/usr/bin/c++]
  ignore line: [Target: x86_64-pc-linux-gnu]
  ignore line: [Configured with: ../gcc-8.4.0/configure --prefix=/usr --libexecdir=/usr/lib --enable-languages=c c++ objc --enable-threads=posix --enable-__cxa_atexit --enable-clocale=gnu --enable-shared --disable-nls --with-x=no --with-system-zlib --enable-multilib --enable-default-pie --enable-default-ssp --with-pkgversion=CRUX-x86_64-multilib]
  ignore line: [Thread model: posix]
  ignore line: [gcc version 8.4.0 (CRUX-x86_64-multilib) ]
  ignore line: [COLLECT_GCC_OPTIONS='-v' '-c' '-o' 'CMakeFiles/cmTC_fe5eb.dir/CMakeCXXCompilerABI.cpp.o' '-shared-libgcc' '-mtune=generic' '-march=x86-64']
  ignore line: [ /usr/lib/gcc/x86_64-pc-linux-gnu/8.4.0/cc1plus -quiet -v -D_GNU_SOURCE /usr/share/cmake/Modules/CMakeCXXCompilerABI.cpp -quiet -dumpbase CMakeCXXCompilerABI.cpp -mtune=generic -march=x86-64 -auxbase-strip CMakeFiles/cmTC_fe5eb.dir/CMakeCXXCompilerABI.cpp.o -version -o /tmp/ccSLoR2l.s]
  ignore line: [GNU C++14 (CRUX-x86_64-multilib) version 8.4.0 (x86_64-pc-linux-gnu)]
  ignore line: [	compiled by GNU C version 8.4.0  GMP version 6.2.0  MPFR version 4.0.2  MPC version 1.1.0  isl version none]
  ignore line: [GGC heuristics: --param ggc-min-expand=100 --param ggc-min-heapsize=131072]
  ignore line: [ignoring nonexistent directory "/usr/local/include"]
  ignore line: [ignoring nonexistent directory "/usr/lib/gcc/x86_64-pc-linux-gnu/8.4.0/include-fixed"]
  ignore line: [ignoring nonexistent directory "/usr/lib/gcc/x86_64-pc-linux-gnu/8.4.0/../../../../x86_64-pc-linux-gnu/include"]
  ignore line: [#include "..." search starts here:]
  ignore line: [#include <...> search starts here:]
  ignore line: [ /usr/lib/gcc/x86_64-pc-linux-gnu/8.4.0/../../../../include/c++/8.4.0]
  ignore line: [ /usr/lib/gcc/x86_64-pc-linux-gnu/8.4.0/../../../../include/c++/8.4.0/x86_64-pc-linux-gnu]
  ignore line: [ /usr/lib/gcc/x86_64-pc-linux-gnu/8.4.0/../../../../include/c++/8.4.0/backward]
  ignore line: [ /usr/lib/gcc/x86_64-pc-linux-gnu/8.4.0/include]
  ignore line: [ /usr/include]
  ignore line: [End of search list.]
  ignore line: [GNU C++14 (CRUX-x86_64-multilib) version 8.4.0 (x86_64-pc-linux-gnu)]
  ignore line: [	compiled by GNU C version 8.4.0  GMP version 6.2.0  MPFR version 4.0.2  MPC version 1.1.0  isl version none]
  ignore line: [GGC heuristics: --param ggc-min-expand=100 --param ggc-min-heapsize=131072]
  ignore line: [Compiler executable checksum: bbe6fb5397a46958754e62dd0f1caef1]
  ignore line: [COLLECT_GCC_OPTIONS='-v' '-c' '-o' 'CMakeFiles/cmTC_fe5eb.dir/CMakeCXXCompilerABI.cpp.o' '-shared-libgcc' '-mtune=generic' '-march=x86-64']
  ignore line: [ as -v --64 -o CMakeFiles/cmTC_fe5eb.dir/CMakeCXXCompilerABI.cpp.o /tmp/ccSLoR2l.s]
  ignore line: [GNU assembler version 2.32 (x86_64-pc-linux-gnu) using BFD version (GNU Binutils) 2.32]
  ignore line: [COMPILER_PATH=/usr/lib/gcc/x86_64-pc-linux-gnu/8.4.0/:/usr/lib/gcc/x86_64-pc-linux-gnu/8.4.0/:/usr/lib/gcc/x86_64-pc-linux-gnu/:/usr/lib/gcc/x86_64-pc-linux-gnu/8.4.0/:/usr/lib/gcc/x86_64-pc-linux-gnu/]
  ignore line: [LIBRARY_PATH=/usr/lib/gcc/x86_64-pc-linux-gnu/8.4.0/:/usr/lib/gcc/x86_64-pc-linux-gnu/8.4.0/../../../../lib/:/lib/../lib/:/usr/lib/../lib/:/usr/lib/gcc/x86_64-pc-linux-gnu/8.4.0/../../../:/lib/:/usr/lib/]
  ignore line: [COLLECT_GCC_OPTIONS='-v' '-c' '-o' 'CMakeFiles/cmTC_fe5eb.dir/CMakeCXXCompilerABI.cpp.o' '-shared-libgcc' '-mtune=generic' '-march=x86-64']
  ignore line: [Linking CXX executable cmTC_fe5eb]
  ignore line: [/usr/bin/cmake -E cmake_link_script CMakeFiles/cmTC_fe5eb.dir/link.txt --verbose=1]
  ignore line: [/usr/lib/ccache/c++      -v CMakeFiles/cmTC_fe5eb.dir/CMakeCXXCompilerABI.cpp.o  -o cmTC_fe5eb ]
  ignore line: [Using built-in specs.]
  ignore line: [COLLECT_GCC=/usr/bin/c++]
  ignore line: [COLLECT_LTO_WRAPPER=/usr/lib/gcc/x86_64-pc-linux-gnu/8.4.0/lto-wrapper]
  ignore line: [Target: x86_64-pc-linux-gnu]
  ignore line: [Configured with: ../gcc-8.4.0/configure --prefix=/usr --libexecdir=/usr/lib --enable-languages=c c++ objc --enable-threads=posix --enable-__cxa_atexit --enable-clocale=gnu --enable-shared --disable-nls --with-x=no --with-system-zlib --enable-multilib --enable-default-pie --enable-default-ssp --with-pkgversion=CRUX-x86_64-multilib]
  ignore line: [Thread model: posix]
  ignore line: [gcc version 8.4.0 (CRUX-x86_64-multilib) ]
  ignore line: [COMPILER_PATH=/usr/lib/gcc/x86_64-pc-linux-gnu/8.4.0/:/usr/lib/gcc/x86_64-pc-linux-gnu/8.4.0/:/usr/lib/gcc/x86_64-pc-linux-gnu/:/usr/lib/gcc/x86_64-pc-linux-gnu/8.4.0/:/usr/lib/gcc/x86_64-pc-linux-gnu/]
  ignore line: [LIBRARY_PATH=/usr/lib/gcc/x86_64-pc-linux-gnu/8.4.0/:/usr/lib/gcc/x86_64-pc-linux-gnu/8.4.0/../../../../lib/:/lib/../lib/:/usr/lib/../lib/:/usr/lib/gcc/x86_64-pc-linux-gnu/8.4.0/../../../:/lib/:/usr/lib/]
  ignore line: [COLLECT_GCC_OPTIONS='-v' '-o' 'cmTC_fe5eb' '-shared-libgcc' '-mtune=generic' '-march=x86-64']
  link line: [ /usr/lib/gcc/x86_64-pc-linux-gnu/8.4.0/collect2 -plugin /usr/lib/gcc/x86_64-pc-linux-gnu/8.4.0/liblto_plugin.so -plugin-opt=/usr/lib/gcc/x86_64-pc-linux-gnu/8.4.0/lto-wrapper -plugin-opt=-fresolution=/tmp/ccOUqO2p.res -plugin-opt=-pass-through=-lgcc_s -plugin-opt=-pass-through=-lgcc -plugin-opt=-pass-through=-lc -plugin-opt=-pass-through=-lgcc_s -plugin-opt=-pass-through=-lgcc --eh-frame-hdr -m elf_x86_64 -dynamic-linker /lib/ld-linux-x86-64.so.2 -pie -o cmTC_fe5eb /usr/lib/gcc/x86_64-pc-linux-gnu/8.4.0/../../../../lib/Scrt1.o /usr/lib/gcc/x86_64-pc-linux-gnu/8.4.0/../../../../lib/crti.o /usr/lib/gcc/x86_64-pc-linux-gnu/8.4.0/crtbeginS.o -L/usr/lib/gcc/x86_64-pc-linux-gnu/8.4.0 -L/usr/lib/gcc/x86_64-pc-linux-gnu/8.4.0/../../../../lib -L/lib/../lib -L/usr/lib/../lib -L/usr/lib/gcc/x86_64-pc-linux-gnu/8.4.0/../../.. CMakeFiles/cmTC_fe5eb.dir/CMakeCXXCompilerABI.cpp.o -lstdc++ -lm -lgcc_s -lgcc -lc -lgcc_s -lgcc /usr/lib/gcc/x86_64-pc-linux-gnu/8.4.0/crtendS.o /usr/lib/gcc/x86_64-pc-linux-gnu/8.4.0/../../../../lib/crtn.o]
    arg [/usr/lib/gcc/x86_64-pc-linux-gnu/8.4.0/collect2] ==> ignore
    arg [-plugin] ==> ignore
    arg [/usr/lib/gcc/x86_64-pc-linux-gnu/8.4.0/liblto_plugin.so] ==> ignore
    arg [-plugin-opt=/usr/lib/gcc/x86_64-pc-linux-gnu/8.4.0/lto-wrapper] ==> ignore
    arg [-plugin-opt=-fresolution=/tmp/ccOUqO2p.res] ==> ignore
    arg [-plugin-opt=-pass-through=-lgcc_s] ==> ignore
    arg [-plugin-opt=-pass-through=-lgcc] ==> ignore
    arg [-plugin-opt=-pass-through=-lc] ==> ignore
    arg [-plugin-opt=-pass-through=-lgcc_s] ==> ignore
    arg [-plugin-opt=-pass-through=-lgcc] ==> ignore
    arg [--eh-frame-hdr] ==> ignore
    arg [-m] ==> ignore
    arg [elf_x86_64] ==> ignore
    arg [-dynamic-linker] ==> ignore
    arg [/lib/ld-linux-x86-64.so.2] ==> ignore
    arg [-pie] ==> ignore
    arg [-o] ==> ignore
    arg [cmTC_fe5eb] ==> ignore
    arg [/usr/lib/gcc/x86_64-pc-linux-gnu/8.4.0/../../../../lib/Scrt1.o] ==> ignore
    arg [/usr/lib/gcc/x86_64-pc-linux-gnu/8.4.0/../../../../lib/crti.o] ==> ignore
    arg [/usr/lib/gcc/x86_64-pc-linux-gnu/8.4.0/crtbeginS.o] ==> ignore
    arg [-L/usr/lib/gcc/x86_64-pc-linux-gnu/8.4.0] ==> dir [/usr/lib/gcc/x86_64-pc-linux-gnu/8.4.0]
    arg [-L/usr/lib/gcc/x86_64-pc-linux-gnu/8.4.0/../../../../lib] ==> dir [/usr/lib/gcc/x86_64-pc-linux-gnu/8.4.0/../../../../lib]
    arg [-L/lib/../lib] ==> dir [/lib/../lib]
    arg [-L/usr/lib/../lib] ==> dir [/usr/lib/../lib]
    arg [-L/usr/lib/gcc/x86_64-pc-linux-gnu/8.4.0/../../..] ==> dir [/usr/lib/gcc/x86_64-pc-linux-gnu/8.4.0/../../..]
    arg [CMakeFiles/cmTC_fe5eb.dir/CMakeCXXCompilerABI.cpp.o] ==> ignore
    arg [-lstdc++] ==> lib [stdc++]
    arg [-lm] ==> lib [m]
    arg [-lgcc_s] ==> lib [gcc_s]
    arg [-lgcc] ==> lib [gcc]
    arg [-lc] ==> lib [c]
    arg [-lgcc_s] ==> lib [gcc_s]
    arg [-lgcc] ==> lib [gcc]
    arg [/usr/lib/gcc/x86_64-pc-linux-gnu/8.4.0/crtendS.o] ==> ignore
    arg [/usr/lib/gcc/x86_64-pc-linux-gnu/8.4.0/../../../../lib/crtn.o] ==> ignore
  collapse library dir [/usr/lib/gcc/x86_64-pc-linux-gnu/8.4.0] ==> [/usr/lib/gcc/x86_64-pc-linux-gnu/8.4.0]
  collapse library dir [/usr/lib/gcc/x86_64-pc-linux-gnu/8.4.0/../../../../lib] ==> [/usr/lib]
  collapse library dir [/lib/../lib] ==> [/lib]
  collapse library dir [/usr/lib/../lib] ==> [/usr/lib]
  collapse library dir [/usr/lib/gcc/x86_64-pc-linux-gnu/8.4.0/../../..] ==> [/usr/lib]
  implicit libs: [stdc++;m;gcc_s;gcc;c;gcc_s;gcc]
  implicit dirs: [/usr/lib/gcc/x86_64-pc-linux-gnu/8.4.0;/usr/lib;/lib]
  implicit fwks: []


Determining if the include file sys/types.h exists passed with the following output:
Change Dir: /admin/SiFuh/faust/faust-2.14.4/build/faustdir/CMakeFiles/CMakeTmp

Run Build Command(s):/usr/bin/make cmTC_cddae/fast && make[2]: Entering directory '/admin/SiFuh/faust/faust-2.14.4/build/faustdir/CMakeFiles/CMakeTmp'
/usr/bin/make  -f CMakeFiles/cmTC_cddae.dir/build.make CMakeFiles/cmTC_cddae.dir/build
make[3]: Entering directory '/admin/SiFuh/faust/faust-2.14.4/build/faustdir/CMakeFiles/CMakeTmp'
Building C object CMakeFiles/cmTC_cddae.dir/CheckIncludeFile.c.o
/usr/lib/ccache/cc    -o CMakeFiles/cmTC_cddae.dir/CheckIncludeFile.c.o   -c /admin/SiFuh/faust/faust-2.14.4/build/faustdir/CMakeFiles/CMakeTmp/CheckIncludeFile.c
Linking C executable cmTC_cddae
/usr/bin/cmake -E cmake_link_script CMakeFiles/cmTC_cddae.dir/link.txt --verbose=1
/usr/lib/ccache/cc      CMakeFiles/cmTC_cddae.dir/CheckIncludeFile.c.o  -o cmTC_cddae 
make[3]: Leaving directory '/admin/SiFuh/faust/faust-2.14.4/build/faustdir/CMakeFiles/CMakeTmp'
make[2]: Leaving directory '/admin/SiFuh/faust/faust-2.14.4/build/faustdir/CMakeFiles/CMakeTmp'



Determining if the include file stdint.h exists passed with the following output:
Change Dir: /admin/SiFuh/faust/faust-2.14.4/build/faustdir/CMakeFiles/CMakeTmp

Run Build Command(s):/usr/bin/make cmTC_92de1/fast && make[2]: Entering directory '/admin/SiFuh/faust/faust-2.14.4/build/faustdir/CMakeFiles/CMakeTmp'
/usr/bin/make  -f CMakeFiles/cmTC_92de1.dir/build.make CMakeFiles/cmTC_92de1.dir/build
make[3]: Entering directory '/admin/SiFuh/faust/faust-2.14.4/build/faustdir/CMakeFiles/CMakeTmp'
Building C object CMakeFiles/cmTC_92de1.dir/CheckIncludeFile.c.o
/usr/lib/ccache/cc    -o CMakeFiles/cmTC_92de1.dir/CheckIncludeFile.c.o   -c /admin/SiFuh/faust/faust-2.14.4/build/faustdir/CMakeFiles/CMakeTmp/CheckIncludeFile.c
Linking C executable cmTC_92de1
/usr/bin/cmake -E cmake_link_script CMakeFiles/cmTC_92de1.dir/link.txt --verbose=1
/usr/lib/ccache/cc      CMakeFiles/cmTC_92de1.dir/CheckIncludeFile.c.o  -o cmTC_92de1 
make[3]: Leaving directory '/admin/SiFuh/faust/faust-2.14.4/build/faustdir/CMakeFiles/CMakeTmp'
make[2]: Leaving directory '/admin/SiFuh/faust/faust-2.14.4/build/faustdir/CMakeFiles/CMakeTmp'



Determining if the include file stddef.h exists passed with the following output:
Change Dir: /admin/SiFuh/faust/faust-2.14.4/build/faustdir/CMakeFiles/CMakeTmp

Run Build Command(s):/usr/bin/make cmTC_e784b/fast && make[2]: Entering directory '/admin/SiFuh/faust/faust-2.14.4/build/faustdir/CMakeFiles/CMakeTmp'
/usr/bin/make  -f CMakeFiles/cmTC_e784b.dir/build.make CMakeFiles/cmTC_e784b.dir/build
make[3]: Entering directory '/admin/SiFuh/faust/faust-2.14.4/build/faustdir/CMakeFiles/CMakeTmp'
Building C object CMakeFiles/cmTC_e784b.dir/CheckIncludeFile.c.o
/usr/lib/ccache/cc    -o CMakeFiles/cmTC_e784b.dir/CheckIncludeFile.c.o   -c /admin/SiFuh/faust/faust-2.14.4/build/faustdir/CMakeFiles/CMakeTmp/CheckIncludeFile.c
Linking C executable cmTC_e784b
/usr/bin/cmake -E cmake_link_script CMakeFiles/cmTC_e784b.dir/link.txt --verbose=1
/usr/lib/ccache/cc      CMakeFiles/cmTC_e784b.dir/CheckIncludeFile.c.o  -o cmTC_e784b 
make[3]: Leaving directory '/admin/SiFuh/faust/faust-2.14.4/build/faustdir/CMakeFiles/CMakeTmp'
make[2]: Leaving directory '/admin/SiFuh/faust/faust-2.14.4/build/faustdir/CMakeFiles/CMakeTmp'



Determining size of unsigned short passed with the following output:
Change Dir: /admin/SiFuh/faust/faust-2.14.4/build/faustdir/CMakeFiles/CMakeTmp

Run Build Command(s):/usr/bin/make cmTC_35441/fast && make[2]: Entering directory '/admin/SiFuh/faust/faust-2.14.4/build/faustdir/CMakeFiles/CMakeTmp'
/usr/bin/make  -f CMakeFiles/cmTC_35441.dir/build.make CMakeFiles/cmTC_35441.dir/build
make[3]: Entering directory '/admin/SiFuh/faust/faust-2.14.4/build/faustdir/CMakeFiles/CMakeTmp'
Building C object CMakeFiles/cmTC_35441.dir/CMAKE_SIZEOF_UNSIGNED_SHORT.c.o
/usr/lib/ccache/cc    -o CMakeFiles/cmTC_35441.dir/CMAKE_SIZEOF_UNSIGNED_SHORT.c.o   -c /admin/SiFuh/faust/faust-2.14.4/build/faustdir/CMakeFiles/CheckTypeSize/CMAKE_SIZEOF_UNSIGNED_SHORT.c
Linking C executable cmTC_35441
/usr/bin/cmake -E cmake_link_script CMakeFiles/cmTC_35441.dir/link.txt --verbose=1
/usr/lib/ccache/cc      CMakeFiles/cmTC_35441.dir/CMAKE_SIZEOF_UNSIGNED_SHORT.c.o  -o cmTC_35441 
make[3]: Leaving directory '/admin/SiFuh/faust/faust-2.14.4/build/faustdir/CMakeFiles/CMakeTmp'
make[2]: Leaving directory '/admin/SiFuh/faust/faust-2.14.4/build/faustdir/CMakeFiles/CMakeTmp'



Determining if the system is big endian passed with the following output:
Change Dir: /admin/SiFuh/faust/faust-2.14.4/build/faustdir/CMakeFiles/CMakeTmp

Run Build Command(s):/usr/bin/make cmTC_80355/fast && make[2]: Entering directory '/admin/SiFuh/faust/faust-2.14.4/build/faustdir/CMakeFiles/CMakeTmp'
/usr/bin/make  -f CMakeFiles/cmTC_80355.dir/build.make CMakeFiles/cmTC_80355.dir/build
make[3]: Entering directory '/admin/SiFuh/faust/faust-2.14.4/build/faustdir/CMakeFiles/CMakeTmp'
Building C object CMakeFiles/cmTC_80355.dir/TestEndianess.c.o
/usr/lib/ccache/cc    -o CMakeFiles/cmTC_80355.dir/TestEndianess.c.o   -c /admin/SiFuh/faust/faust-2.14.4/build/faustdir/CMakeFiles/CMakeTmp/TestEndianess.c
Linking C executable cmTC_80355
/usr/bin/cmake -E cmake_link_script CMakeFiles/cmTC_80355.dir/link.txt --verbose=1
/usr/lib/ccache/cc      CMakeFiles/cmTC_80355.dir/TestEndianess.c.o  -o cmTC_80355 
make[3]: Leaving directory '/admin/SiFuh/faust/faust-2.14.4/build/faustdir/CMakeFiles/CMakeTmp'
make[2]: Leaving directory '/admin/SiFuh/faust/faust-2.14.4/build/faustdir/CMakeFiles/CMakeTmp'


TestEndianess.c:
/* A 16 bit integer is required. */
typedef unsigned short cmakeint16;

/* On a little endian machine, these 16bit ints will give "THIS IS LITTLE ENDIAN."
   On a big endian machine the characters will be exchanged pairwise. */
const cmakeint16 info_little[] =  {0x4854, 0x5349, 0x4920, 0x2053, 0x494c, 0x5454, 0x454c, 0x4520, 0x444e, 0x4149, 0x2e4e, 0x0000};

/* on a big endian machine, these 16bit ints will give "THIS IS BIG ENDIAN."
   On a little endian machine the characters will be exchanged pairwise. */
const cmakeint16 info_big[] =     {0x5448, 0x4953, 0x2049, 0x5320, 0x4249, 0x4720, 0x454e, 0x4449, 0x414e, 0x2e2e, 0x0000};

#ifdef __CLASSIC_C__
int main(argc, argv) int argc; char *argv[];
#else
int main(int argc, char *argv[])
#endif
{
  int require = 0;
  require += info_little[argc];
  require += info_big[argc];
  (void)argv;
  return require;
}


